Command line:
   top_isim_beh.exe
     -simmode  gui
     -simrunnum  0
     -socket  49847

Sat Apr 29 19:01:55 2023


 Elaboration Time: 0.0625 sec

 Current Memory Usage: 673.178 Meg

 Total Signals          : 46
 Total Nets             : 4289
 Total Signal Drivers   : 22
 Total Blocks           : 7
 Total Primitive Blocks : 4
 Total Processes        : 31
 Total Traceable Variables  : 71
 Total Scalar Nets and Variables : 111952
Total Line Count : 270

 Total Simulation Time: 2.5625 sec

 Current Memory Usage: 673.178 Meg

Sat Apr 29 19:18:54 2023

